<?xml version="1.0" encoding="utf-8"?><testsuites><testsuite name="pytest" errors="0" failures="0" skipped="0" tests="8" time="0.018" timestamp="2023-11-03T15:16:24.068306" hostname="Mac-mini"><testcase classname="tests.test_stats" name="test_stats_tracker_repr" time="0.000" /><testcase classname="tests.test_stats" name="test_stats_tracker_info" time="0.000" /><testcase classname="tests.test_stats" name="test_stats_tracker_info_to_dict" time="0.000" /><testcase classname="tests.test_stats" name="test_stats_tracker_reset" time="0.000" /><testcase classname="tests.test_stats" name="test_stats_tracker_pause" time="0.000" /><testcase classname="tests.test_stats" name="test_stats_tracker_resume" time="0.000" /><testcase classname="tests.test_stats" name="test_stats_tracker_disable" time="0.000" /><testcase classname="tests.test_stats" name="test_stats_tracker_enable" time="0.000" /></testsuite></testsuites>